<?xml version="1.0" encoding="UTF-8"?>
<!-- Generated by org.testng.reporters.JUnitReportReporter -->
<testsuite hostname="RAKESHDPF1XF006" failures="0" tests="1" name="com.ot.tests.LoginPageTest" time="5.931" errors="0" timestamp="23 May 2021 13:51:50 GMT" skipped="0">
  <testcase classname="com.ot.tests.LoginPageTest" name="test1" time="5.931"/>
</testsuite> <!-- com.ot.tests.LoginPageTest -->
